2021-02-21 15:26:52.753  INFO 49819 --- [main] c.e.p.p.PlantfinderApiApplicationTests   : Starting PlantfinderApiApplicationTests on MacBook-Pro with PID 49819 (started by mmartofe in /Users/mmartofe/projects/spring_boot_admin/plantfinder-api)
2021-02-21 15:26:52.757  INFO 49819 --- [main] c.e.p.p.PlantfinderApiApplicationTests   : No active profile set, falling back to default profiles: default
2021-02-21 15:26:54.143  INFO 49819 --- [main] o.s.s.concurrent.ThreadPoolTaskExecutor  : Initializing ExecutorService 'applicationTaskExecutor'
2021-02-21 15:26:54.249  INFO 49819 --- [main] o.s.b.a.w.s.WelcomePageHandlerMapping    : Adding welcome page: class path resource [static/index.html]
2021-02-21 15:26:54.555  INFO 49819 --- [main] o.s.s.c.ThreadPoolTaskScheduler          : Initializing ExecutorService
2021-02-21 15:26:54.624  INFO 49819 --- [main] o.s.b.a.e.web.EndpointLinksResolver      : Exposing 14 endpoint(s) beneath base path '/actuator'
2021-02-21 15:26:54.678  INFO 49819 --- [main] c.e.p.p.PlantfinderApiApplicationTests   : Started PlantfinderApiApplicationTests in 2.23 seconds (JVM running for 3.34)
2021-02-21 15:26:54.829  WARN 49819 --- [registrationTask1] d.c.b.a.c.r.ApplicationRegistrator       : Failed to register application as Application(name=Plantfinder API Service, managementUrl=http://127.0.0.1:8081/actuator, healthUrl=http://127.0.0.1:8081/actuator/health, serviceUrl=http://127.0.0.1:8081/) at spring-boot-admin ([http://localhost:8092//instances]): I/O error on POST request for "http://localhost:8092/instances": Connection refused (Connection refused); nested exception is java.net.ConnectException: Connection refused (Connection refused). Further attempts are logged on DEBUG level
2021-02-21 15:26:55.136  INFO 49819 --- [SpringContextShutdownHook] o.s.s.c.ThreadPoolTaskScheduler          : Shutting down ExecutorService
2021-02-21 15:26:55.136  INFO 49819 --- [SpringContextShutdownHook] o.s.s.concurrent.ThreadPoolTaskExecutor  : Shutting down ExecutorService 'applicationTaskExecutor'
2021-02-21 15:27:08.608  INFO 49832 --- [main] c.e.p.p.PlantfinderApiApplication        : Starting PlantfinderApiApplication v0.0.1-SNAPSHOT on MacBook-Pro with PID 49832 (/Users/mmartofe/projects/spring_boot_admin/plantfinder-api/target/plantfinder-api-0.0.1-SNAPSHOT.jar started by mmartofe in /Users/mmartofe/projects/spring_boot_admin/plantfinder-api)
2021-02-21 15:27:08.611  INFO 49832 --- [main] c.e.p.p.PlantfinderApiApplication        : No active profile set, falling back to default profiles: default
2021-02-21 15:27:09.760  INFO 49832 --- [main] o.s.b.w.embedded.tomcat.TomcatWebServer  : Tomcat initialized with port(s): 8081 (http)
2021-02-21 15:27:09.775  INFO 49832 --- [main] o.apache.catalina.core.StandardService   : Starting service [Tomcat]
2021-02-21 15:27:09.775  INFO 49832 --- [main] org.apache.catalina.core.StandardEngine  : Starting Servlet engine: [Apache Tomcat/9.0.37]
2021-02-21 15:27:09.872  INFO 49832 --- [main] o.a.c.c.C.[Tomcat].[localhost].[/]       : Initializing Spring embedded WebApplicationContext
2021-02-21 15:27:09.872  INFO 49832 --- [main] w.s.c.ServletWebServerApplicationContext : Root WebApplicationContext: initialization completed in 1187 ms
2021-02-21 15:27:10.240  INFO 49832 --- [main] o.s.s.concurrent.ThreadPoolTaskExecutor  : Initializing ExecutorService 'applicationTaskExecutor'
2021-02-21 15:27:10.330  INFO 49832 --- [main] o.s.b.a.w.s.WelcomePageHandlerMapping    : Adding welcome page: class path resource [static/index.html]
2021-02-21 15:27:10.578  INFO 49832 --- [main] o.s.s.c.ThreadPoolTaskScheduler          : Initializing ExecutorService
2021-02-21 15:27:10.616  INFO 49832 --- [main] o.s.b.a.e.web.EndpointLinksResolver      : Exposing 14 endpoint(s) beneath base path '/actuator'
2021-02-21 15:27:10.703  INFO 49832 --- [main] o.s.b.w.embedded.tomcat.TomcatWebServer  : Tomcat started on port(s): 8081 (http) with context path ''
2021-02-21 15:27:10.720  INFO 49832 --- [main] c.e.p.p.PlantfinderApiApplication        : Started PlantfinderApiApplication in 2.669 seconds (JVM running for 3.103)
2021-02-21 15:27:10.792  INFO 49832 --- [main] c.e.p.p.PlantfinderApiApplication        : Logging application setup:
2021-02-21 15:27:10.886  WARN 49832 --- [registrationTask1] d.c.b.a.c.r.ApplicationRegistrator       : Failed to register application as Application(name=Plantfinder API Service, managementUrl=http://127.0.0.1:8081/actuator, healthUrl=http://127.0.0.1:8081/actuator/health, serviceUrl=http://127.0.0.1:8081/) at spring-boot-admin ([http://localhost:8092//instances]): I/O error on POST request for "http://localhost:8092/instances": Connection refused (Connection refused); nested exception is java.net.ConnectException: Connection refused (Connection refused). Further attempts are logged on DEBUG level
2021-02-21 15:28:04.901  INFO 49832 --- [SpringContextShutdownHook] o.s.s.c.ThreadPoolTaskScheduler          : Shutting down ExecutorService
2021-02-21 15:28:04.902  INFO 49832 --- [SpringContextShutdownHook] o.s.s.concurrent.ThreadPoolTaskExecutor  : Shutting down ExecutorService 'applicationTaskExecutor'
2021-02-21 15:28:43.766  INFO 49888 --- [main] c.e.p.p.PlantfinderApiApplicationTests   : Starting PlantfinderApiApplicationTests on MacBook-Pro with PID 49888 (started by mmartofe in /Users/mmartofe/projects/spring_boot_admin/plantfinder-api)
2021-02-21 15:28:43.771  INFO 49888 --- [main] c.e.p.p.PlantfinderApiApplicationTests   : No active profile set, falling back to default profiles: default
2021-02-21 15:28:45.268  INFO 49888 --- [main] o.s.s.concurrent.ThreadPoolTaskExecutor  : Initializing ExecutorService 'applicationTaskExecutor'
2021-02-21 15:28:45.412  INFO 49888 --- [main] o.s.b.a.w.s.WelcomePageHandlerMapping    : Adding welcome page: class path resource [static/index.html]
2021-02-21 15:28:45.821  INFO 49888 --- [main] o.s.s.c.ThreadPoolTaskScheduler          : Initializing ExecutorService
2021-02-21 15:28:45.946  INFO 49888 --- [main] o.s.b.a.e.web.EndpointLinksResolver      : Exposing 14 endpoint(s) beneath base path '/actuator'
2021-02-21 15:28:46.068  INFO 49888 --- [main] c.e.p.p.PlantfinderApiApplicationTests   : Started PlantfinderApiApplicationTests in 2.762 seconds (JVM running for 4.67)
2021-02-21 15:28:46.368  WARN 49888 --- [registrationTask1] d.c.b.a.c.r.ApplicationRegistrator       : Failed to register application as Application(name=Plantfinder API Service, managementUrl=http://127.0.0.1:8081/actuator, healthUrl=http://127.0.0.1:8081/actuator/health, serviceUrl=http://127.0.0.1:8081/) at spring-boot-admin ([http://localhost:8092//instances]): I/O error on POST request for "http://localhost:8092/instances": Connection refused (Connection refused); nested exception is java.net.ConnectException: Connection refused (Connection refused). Further attempts are logged on DEBUG level
2021-02-21 15:28:46.864  INFO 49888 --- [SpringContextShutdownHook] o.s.s.c.ThreadPoolTaskScheduler          : Shutting down ExecutorService
2021-02-21 15:28:46.865  INFO 49888 --- [SpringContextShutdownHook] o.s.s.concurrent.ThreadPoolTaskExecutor  : Shutting down ExecutorService 'applicationTaskExecutor'
2021-02-21 15:29:05.171  INFO 49910 --- [main] c.e.p.p.PlantfinderApiApplication        : Starting PlantfinderApiApplication v0.0.1-SNAPSHOT on MacBook-Pro with PID 49910 (/Users/mmartofe/projects/spring_boot_admin/plantfinder-api/target/plantfinder-api-0.0.1-SNAPSHOT.jar started by mmartofe in /Users/mmartofe/projects/spring_boot_admin/plantfinder-api)
2021-02-21 15:29:05.175  INFO 49910 --- [main] c.e.p.p.PlantfinderApiApplication        : No active profile set, falling back to default profiles: default
2021-02-21 15:29:06.810  INFO 49910 --- [main] o.s.b.w.embedded.tomcat.TomcatWebServer  : Tomcat initialized with port(s): 8081 (http)
2021-02-21 15:29:06.823  INFO 49910 --- [main] o.apache.catalina.core.StandardService   : Starting service [Tomcat]
2021-02-21 15:29:06.823  INFO 49910 --- [main] org.apache.catalina.core.StandardEngine  : Starting Servlet engine: [Apache Tomcat/9.0.37]
2021-02-21 15:29:06.936  INFO 49910 --- [main] o.a.c.c.C.[Tomcat].[localhost].[/]       : Initializing Spring embedded WebApplicationContext
2021-02-21 15:29:06.936  INFO 49910 --- [main] w.s.c.ServletWebServerApplicationContext : Root WebApplicationContext: initialization completed in 1643 ms
2021-02-21 15:29:07.445  INFO 49910 --- [main] o.s.s.concurrent.ThreadPoolTaskExecutor  : Initializing ExecutorService 'applicationTaskExecutor'
2021-02-21 15:29:07.569  INFO 49910 --- [main] o.s.b.a.w.s.WelcomePageHandlerMapping    : Adding welcome page: class path resource [static/index.html]
2021-02-21 15:29:07.814  INFO 49910 --- [main] o.s.s.c.ThreadPoolTaskScheduler          : Initializing ExecutorService
2021-02-21 15:29:07.880  INFO 49910 --- [main] o.s.b.a.e.web.EndpointLinksResolver      : Exposing 14 endpoint(s) beneath base path '/actuator'
2021-02-21 15:29:08.004  INFO 49910 --- [main] o.s.b.w.embedded.tomcat.TomcatWebServer  : Tomcat started on port(s): 8081 (http) with context path ''
2021-02-21 15:29:08.052  INFO 49910 --- [main] c.e.p.p.PlantfinderApiApplication        : Started PlantfinderApiApplication in 3.419 seconds (JVM running for 3.948)
2021-02-21 15:29:08.157  WARN 49910 --- [main] c.e.p.p.PlantfinderApiApplication        : Logging application setup:
2021-02-21 15:29:08.317  WARN 49910 --- [registrationTask1] d.c.b.a.c.r.ApplicationRegistrator       : Failed to register application as Application(name=Plantfinder API Service, managementUrl=http://127.0.0.1:8081/actuator, healthUrl=http://127.0.0.1:8081/actuator/health, serviceUrl=http://127.0.0.1:8081/) at spring-boot-admin ([http://localhost:8092//instances]): I/O error on POST request for "http://localhost:8092/instances": Connection refused (Connection refused); nested exception is java.net.ConnectException: Connection refused (Connection refused). Further attempts are logged on DEBUG level
2021-02-21 15:32:23.453  INFO 49910 --- [SpringContextShutdownHook] o.s.s.c.ThreadPoolTaskScheduler          : Shutting down ExecutorService
2021-02-21 15:32:23.456  INFO 49910 --- [SpringContextShutdownHook] o.s.s.concurrent.ThreadPoolTaskExecutor  : Shutting down ExecutorService 'applicationTaskExecutor'
2021-02-21 15:56:59.383  INFO 50451 --- [main] c.e.p.p.PlantfinderApiApplication        : Starting PlantfinderApiApplication v0.0.1-SNAPSHOT on MacBook-Pro with PID 50451 (/Users/mmartofe/projects/spring_boot_admin/plantfinder-api/target/plantfinder-api-0.0.1-SNAPSHOT.jar started by mmartofe in /Users/mmartofe/projects/spring_boot_admin/plantfinder-api)
2021-02-21 15:56:59.387  INFO 50451 --- [main] c.e.p.p.PlantfinderApiApplication        : No active profile set, falling back to default profiles: default
2021-02-21 15:57:00.508  INFO 50451 --- [main] o.s.b.w.embedded.tomcat.TomcatWebServer  : Tomcat initialized with port(s): 8081 (http)
2021-02-21 15:57:00.522  INFO 50451 --- [main] o.apache.catalina.core.StandardService   : Starting service [Tomcat]
2021-02-21 15:57:00.523  INFO 50451 --- [main] org.apache.catalina.core.StandardEngine  : Starting Servlet engine: [Apache Tomcat/9.0.37]
2021-02-21 15:57:00.600  INFO 50451 --- [main] o.a.c.c.C.[Tomcat].[localhost].[/]       : Initializing Spring embedded WebApplicationContext
2021-02-21 15:57:00.601  INFO 50451 --- [main] w.s.c.ServletWebServerApplicationContext : Root WebApplicationContext: initialization completed in 1128 ms
2021-02-21 15:57:00.809  INFO 50451 --- [main] f.a.AutowiredAnnotationBeanPostProcessor : Autowired annotation is not supported on static fields: static java.lang.String com.example.plantfinder.plantfinderapi.PlantfinderApiApplication.port
2021-02-21 15:57:01.000  INFO 50451 --- [main] o.s.s.concurrent.ThreadPoolTaskExecutor  : Initializing ExecutorService 'applicationTaskExecutor'
2021-02-21 15:57:01.111  INFO 50451 --- [main] o.s.b.a.w.s.WelcomePageHandlerMapping    : Adding welcome page: class path resource [static/index.html]
2021-02-21 15:57:01.346  INFO 50451 --- [main] o.s.s.c.ThreadPoolTaskScheduler          : Initializing ExecutorService
2021-02-21 15:57:01.392  INFO 50451 --- [main] o.s.b.a.e.web.EndpointLinksResolver      : Exposing 14 endpoint(s) beneath base path '/actuator'
2021-02-21 15:57:01.483  INFO 50451 --- [main] o.s.b.w.embedded.tomcat.TomcatWebServer  : Tomcat started on port(s): 8081 (http) with context path ''
2021-02-21 15:57:01.499  INFO 50451 --- [main] c.e.p.p.PlantfinderApiApplication        : Started PlantfinderApiApplication in 2.576 seconds (JVM running for 2.995)
2021-02-21 15:57:01.577  WARN 50451 --- [main] c.e.p.p.PlantfinderApiApplication        : Logging application setup:
2021-02-21 15:57:01.702  WARN 50451 --- [registrationTask1] d.c.b.a.c.r.ApplicationRegistrator       : Failed to register application as Application(name=Plantfinder API Service, managementUrl=http://127.0.0.1:8081/actuator, healthUrl=http://127.0.0.1:8081/actuator/health, serviceUrl=http://127.0.0.1:8081/) at spring-boot-admin ([http://localhost:8092//instances]): I/O error on POST request for "http://localhost:8092/instances": Connection refused (Connection refused); nested exception is java.net.ConnectException: Connection refused (Connection refused). Further attempts are logged on DEBUG level
2021-02-21 18:26:43.909  INFO 50451 --- [SpringContextShutdownHook] o.s.s.c.ThreadPoolTaskScheduler          : Shutting down ExecutorService
2021-02-21 18:26:43.934  INFO 50451 --- [SpringContextShutdownHook] o.s.s.concurrent.ThreadPoolTaskExecutor  : Shutting down ExecutorService 'applicationTaskExecutor'
2021-02-21 18:26:56.404  INFO 53112 --- [main] c.e.p.p.PlantfinderApiApplication        : Starting PlantfinderApiApplication v0.0.1-SNAPSHOT on MacBook-Pro with PID 53112 (/Users/mmartofe/projects/spring_boot_admin/plantfinder-api/target/plantfinder-api-0.0.1-SNAPSHOT.jar started by mmartofe in /Users/mmartofe/projects/spring_boot_admin/plantfinder-api)
2021-02-21 18:26:56.409  INFO 53112 --- [main] c.e.p.p.PlantfinderApiApplication        : No active profile set, falling back to default profiles: default
2021-02-21 18:26:58.163  INFO 53112 --- [main] o.s.b.w.embedded.tomcat.TomcatWebServer  : Tomcat initialized with port(s): 8081 (http)
2021-02-21 18:26:58.183  INFO 53112 --- [main] o.apache.catalina.core.StandardService   : Starting service [Tomcat]
2021-02-21 18:26:58.184  INFO 53112 --- [main] org.apache.catalina.core.StandardEngine  : Starting Servlet engine: [Apache Tomcat/9.0.37]
2021-02-21 18:26:58.293  INFO 53112 --- [main] o.a.c.c.C.[Tomcat].[localhost].[/]       : Initializing Spring embedded WebApplicationContext
2021-02-21 18:26:58.294  INFO 53112 --- [main] w.s.c.ServletWebServerApplicationContext : Root WebApplicationContext: initialization completed in 1775 ms
2021-02-21 18:26:58.626  INFO 53112 --- [main] pConfig$$EnhancerBySpringCGLIB$$fcb8d5ee : Plants list initialized.
2021-02-21 18:26:58.868  INFO 53112 --- [main] o.s.s.concurrent.ThreadPoolTaskExecutor  : Initializing ExecutorService 'applicationTaskExecutor'
2021-02-21 18:26:58.996  INFO 53112 --- [main] o.s.b.a.w.s.WelcomePageHandlerMapping    : Adding welcome page: class path resource [static/index.html]
2021-02-21 18:26:59.292  INFO 53112 --- [main] o.s.s.c.ThreadPoolTaskScheduler          : Initializing ExecutorService
2021-02-21 18:26:59.335  INFO 53112 --- [main] o.s.b.a.e.web.EndpointLinksResolver      : Exposing 14 endpoint(s) beneath base path '/actuator'
2021-02-21 18:26:59.451  INFO 53112 --- [main] o.s.b.w.embedded.tomcat.TomcatWebServer  : Tomcat started on port(s): 8081 (http) with context path ''
2021-02-21 18:26:59.478  INFO 53112 --- [main] c.e.p.p.PlantfinderApiApplication        : Started PlantfinderApiApplication in 3.777 seconds (JVM running for 4.483)
2021-02-21 18:26:59.582  WARN 53112 --- [main] c.e.p.p.PlantfinderApiApplication        : Logging application setup:
2021-02-21 18:26:59.751  WARN 53112 --- [registrationTask1] d.c.b.a.c.r.ApplicationRegistrator       : Failed to register application as Application(name=Plantfinder API Service, managementUrl=http://127.0.0.1:8081/actuator, healthUrl=http://127.0.0.1:8081/actuator/health, serviceUrl=http://127.0.0.1:8081/) at spring-boot-admin ([http://localhost:8092//instances]): I/O error on POST request for "http://localhost:8092/instances": Connection refused (Connection refused); nested exception is java.net.ConnectException: Connection refused (Connection refused). Further attempts are logged on DEBUG level
2021-02-21 18:30:07.937  INFO 53112 --- [SpringContextShutdownHook] o.s.s.c.ThreadPoolTaskScheduler          : Shutting down ExecutorService
2021-02-21 18:30:07.942  INFO 53112 --- [SpringContextShutdownHook] o.s.s.concurrent.ThreadPoolTaskExecutor  : Shutting down ExecutorService 'applicationTaskExecutor'
2021-02-21 18:30:18.031  INFO 53189 --- [main] c.e.p.p.PlantfinderApiApplication        : Starting PlantfinderApiApplication v0.0.1-SNAPSHOT on MacBook-Pro with PID 53189 (/Users/mmartofe/projects/spring_boot_admin/plantfinder-api/target/plantfinder-api-0.0.1-SNAPSHOT.jar started by mmartofe in /Users/mmartofe/projects/spring_boot_admin/plantfinder-api)
2021-02-21 18:30:18.034  INFO 53189 --- [main] c.e.p.p.PlantfinderApiApplication        : No active profile set, falling back to default profiles: default
2021-02-21 18:30:19.233  INFO 53189 --- [main] o.s.b.w.embedded.tomcat.TomcatWebServer  : Tomcat initialized with port(s): 8081 (http)
2021-02-21 18:30:19.251  INFO 53189 --- [main] o.apache.catalina.core.StandardService   : Starting service [Tomcat]
2021-02-21 18:30:19.251  INFO 53189 --- [main] org.apache.catalina.core.StandardEngine  : Starting Servlet engine: [Apache Tomcat/9.0.37]
2021-02-21 18:30:19.328  INFO 53189 --- [main] o.a.c.c.C.[Tomcat].[localhost].[/]       : Initializing Spring embedded WebApplicationContext
2021-02-21 18:30:19.328  INFO 53189 --- [main] w.s.c.ServletWebServerApplicationContext : Root WebApplicationContext: initialization completed in 1221 ms
2021-02-21 18:30:19.542  INFO 53189 --- [main] pConfig$$EnhancerBySpringCGLIB$$2105602f : Plants list initialized.
2021-02-21 18:30:19.543  INFO 53189 --- [main] pConfig$$EnhancerBySpringCGLIB$$2105602f : Server port is: $server.port
2021-02-21 18:30:19.704  INFO 53189 --- [main] o.s.s.concurrent.ThreadPoolTaskExecutor  : Initializing ExecutorService 'applicationTaskExecutor'
2021-02-21 18:30:19.791  INFO 53189 --- [main] o.s.b.a.w.s.WelcomePageHandlerMapping    : Adding welcome page: class path resource [static/index.html]
2021-02-21 18:30:20.002  INFO 53189 --- [main] o.s.s.c.ThreadPoolTaskScheduler          : Initializing ExecutorService
2021-02-21 18:30:20.035  INFO 53189 --- [main] o.s.b.a.e.web.EndpointLinksResolver      : Exposing 14 endpoint(s) beneath base path '/actuator'
2021-02-21 18:30:20.116  INFO 53189 --- [main] o.s.b.w.embedded.tomcat.TomcatWebServer  : Tomcat started on port(s): 8081 (http) with context path ''
2021-02-21 18:30:20.132  INFO 53189 --- [main] c.e.p.p.PlantfinderApiApplication        : Started PlantfinderApiApplication in 2.628 seconds (JVM running for 3.056)
2021-02-21 18:30:20.192  WARN 53189 --- [main] c.e.p.p.PlantfinderApiApplication        : Logging application setup:
2021-02-21 18:30:20.291  WARN 53189 --- [registrationTask1] d.c.b.a.c.r.ApplicationRegistrator       : Failed to register application as Application(name=Plantfinder API Service, managementUrl=http://127.0.0.1:8081/actuator, healthUrl=http://127.0.0.1:8081/actuator/health, serviceUrl=http://127.0.0.1:8081/) at spring-boot-admin ([http://localhost:8092//instances]): I/O error on POST request for "http://localhost:8092/instances": Connection refused (Connection refused); nested exception is java.net.ConnectException: Connection refused (Connection refused). Further attempts are logged on DEBUG level
2021-02-21 18:31:20.985  INFO 53189 --- [SpringContextShutdownHook] o.s.s.c.ThreadPoolTaskScheduler          : Shutting down ExecutorService
2021-02-21 18:31:20.988  INFO 53189 --- [SpringContextShutdownHook] o.s.s.concurrent.ThreadPoolTaskExecutor  : Shutting down ExecutorService 'applicationTaskExecutor'
2021-02-21 18:31:32.858  INFO 53233 --- [main] c.e.p.p.PlantfinderApiApplication        : Starting PlantfinderApiApplication v0.0.1-SNAPSHOT on MacBook-Pro with PID 53233 (/Users/mmartofe/projects/spring_boot_admin/plantfinder-api/target/plantfinder-api-0.0.1-SNAPSHOT.jar started by mmartofe in /Users/mmartofe/projects/spring_boot_admin/plantfinder-api)
2021-02-21 18:31:32.861  INFO 53233 --- [main] c.e.p.p.PlantfinderApiApplication        : No active profile set, falling back to default profiles: default
2021-02-21 18:31:34.352  INFO 53233 --- [main] o.s.b.w.embedded.tomcat.TomcatWebServer  : Tomcat initialized with port(s): 8081 (http)
2021-02-21 18:31:34.392  INFO 53233 --- [main] o.apache.catalina.core.StandardService   : Starting service [Tomcat]
2021-02-21 18:31:34.393  INFO 53233 --- [main] org.apache.catalina.core.StandardEngine  : Starting Servlet engine: [Apache Tomcat/9.0.37]
2021-02-21 18:31:34.550  INFO 53233 --- [main] o.a.c.c.C.[Tomcat].[localhost].[/]       : Initializing Spring embedded WebApplicationContext
2021-02-21 18:31:34.550  INFO 53233 --- [main] w.s.c.ServletWebServerApplicationContext : Root WebApplicationContext: initialization completed in 1601 ms
2021-02-21 18:31:34.948  INFO 53233 --- [main] AppConfig$$EnhancerBySpringCGLIB$$6bb93d : Plants list initialized.
2021-02-21 18:31:34.949  INFO 53233 --- [main] AppConfig$$EnhancerBySpringCGLIB$$6bb93d : Server port is: 8081
2021-02-21 18:31:35.162  INFO 53233 --- [main] o.s.s.concurrent.ThreadPoolTaskExecutor  : Initializing ExecutorService 'applicationTaskExecutor'
2021-02-21 18:31:35.301  INFO 53233 --- [main] o.s.b.a.w.s.WelcomePageHandlerMapping    : Adding welcome page: class path resource [static/index.html]
2021-02-21 18:31:35.617  INFO 53233 --- [main] o.s.s.c.ThreadPoolTaskScheduler          : Initializing ExecutorService
2021-02-21 18:31:35.672  INFO 53233 --- [main] o.s.b.a.e.web.EndpointLinksResolver      : Exposing 14 endpoint(s) beneath base path '/actuator'
2021-02-21 18:31:35.778  INFO 53233 --- [main] o.s.b.w.embedded.tomcat.TomcatWebServer  : Tomcat started on port(s): 8081 (http) with context path ''
2021-02-21 18:31:35.801  INFO 53233 --- [main] c.e.p.p.PlantfinderApiApplication        : Started PlantfinderApiApplication in 3.57 seconds (JVM running for 4.033)
2021-02-21 18:31:35.879  WARN 53233 --- [main] c.e.p.p.PlantfinderApiApplication        : Logging application setup:
2021-02-21 18:31:36.020  WARN 53233 --- [registrationTask1] d.c.b.a.c.r.ApplicationRegistrator       : Failed to register application as Application(name=Plantfinder API Service, managementUrl=http://127.0.0.1:8081/actuator, healthUrl=http://127.0.0.1:8081/actuator/health, serviceUrl=http://127.0.0.1:8081/) at spring-boot-admin ([http://localhost:8092//instances]): I/O error on POST request for "http://localhost:8092/instances": Connection refused (Connection refused); nested exception is java.net.ConnectException: Connection refused (Connection refused). Further attempts are logged on DEBUG level
2021-02-21 18:32:07.545  INFO 53233 --- [SpringContextShutdownHook] o.s.s.c.ThreadPoolTaskScheduler          : Shutting down ExecutorService
2021-02-21 18:32:07.547  INFO 53233 --- [SpringContextShutdownHook] o.s.s.concurrent.ThreadPoolTaskExecutor  : Shutting down ExecutorService 'applicationTaskExecutor'
2021-02-21 18:38:43.290  INFO 53371 --- [main] c.e.p.p.PlantfinderApiApplication        : Starting PlantfinderApiApplication v0.0.1-SNAPSHOT on MacBook-Pro with PID 53371 (/Users/mmartofe/projects/spring_boot_admin/plantfinder-api/target/plantfinder-api-0.0.1-SNAPSHOT.jar started by mmartofe in /Users/mmartofe/projects/spring_boot_admin/plantfinder-api)
2021-02-21 18:38:43.295  INFO 53371 --- [main] c.e.p.p.PlantfinderApiApplication        : No active profile set, falling back to default profiles: default
2021-02-21 18:38:44.674  INFO 53371 --- [main] o.s.b.w.embedded.tomcat.TomcatWebServer  : Tomcat initialized with port(s): 8081 (http)
2021-02-21 18:38:44.688  INFO 53371 --- [main] o.apache.catalina.core.StandardService   : Starting service [Tomcat]
2021-02-21 18:38:44.689  INFO 53371 --- [main] org.apache.catalina.core.StandardEngine  : Starting Servlet engine: [Apache Tomcat/9.0.37]
2021-02-21 18:38:44.763  INFO 53371 --- [main] o.a.c.c.C.[Tomcat].[localhost].[/]       : Initializing Spring embedded WebApplicationContext
2021-02-21 18:38:44.763  INFO 53371 --- [main] w.s.c.ServletWebServerApplicationContext : Root WebApplicationContext: initialization completed in 1373 ms
2021-02-21 18:38:44.982  INFO 53371 --- [main] AppConfig$$EnhancerBySpringCGLIB$$6bb93d : Plants list initialized.
2021-02-21 18:38:44.983  WARN 53371 --- [main] AppConfig$$EnhancerBySpringCGLIB$$6bb93d : Server port is set to: 8081
2021-02-21 18:38:44.983  WARN 53371 --- [main] AppConfig$$EnhancerBySpringCGLIB$$6bb93d : Server address is set to: 8081
2021-02-21 18:38:44.983  WARN 53371 --- [main] AppConfig$$EnhancerBySpringCGLIB$$6bb93d : spring.boot.admin.client.instance.service-base-url is set to: http://127.0.0.1:8081
2021-02-21 18:38:44.984  WARN 53371 --- [main] AppConfig$$EnhancerBySpringCGLIB$$6bb93d : spring.boot.admin.client.url is set to: http://localhost:8092/
2021-02-21 18:38:45.166  INFO 53371 --- [main] o.s.s.concurrent.ThreadPoolTaskExecutor  : Initializing ExecutorService 'applicationTaskExecutor'
2021-02-21 18:38:45.261  INFO 53371 --- [main] o.s.b.a.w.s.WelcomePageHandlerMapping    : Adding welcome page: class path resource [static/index.html]
2021-02-21 18:38:45.479  INFO 53371 --- [main] o.s.s.c.ThreadPoolTaskScheduler          : Initializing ExecutorService
2021-02-21 18:38:45.513  INFO 53371 --- [main] o.s.b.a.e.web.EndpointLinksResolver      : Exposing 14 endpoint(s) beneath base path '/actuator'
2021-02-21 18:38:45.594  INFO 53371 --- [main] o.s.b.w.embedded.tomcat.TomcatWebServer  : Tomcat started on port(s): 8081 (http) with context path ''
2021-02-21 18:38:45.616  INFO 53371 --- [main] c.e.p.p.PlantfinderApiApplication        : Started PlantfinderApiApplication in 2.951 seconds (JVM running for 3.42)
2021-02-21 18:38:45.681  WARN 53371 --- [main] c.e.p.p.PlantfinderApiApplication        : Logging application setup:
2021-02-21 18:38:45.798  WARN 53371 --- [registrationTask1] d.c.b.a.c.r.ApplicationRegistrator       : Failed to register application as Application(name=Plantfinder API Service, managementUrl=http://127.0.0.1:8081/actuator, healthUrl=http://127.0.0.1:8081/actuator/health, serviceUrl=http://127.0.0.1:8081/) at spring-boot-admin ([http://localhost:8092//instances]): I/O error on POST request for "http://localhost:8092/instances": Connection refused (Connection refused); nested exception is java.net.ConnectException: Connection refused (Connection refused). Further attempts are logged on DEBUG level
2021-02-21 18:40:06.784  INFO 53371 --- [SpringContextShutdownHook] o.s.s.c.ThreadPoolTaskScheduler          : Shutting down ExecutorService
2021-02-21 18:40:06.785  INFO 53371 --- [SpringContextShutdownHook] o.s.s.concurrent.ThreadPoolTaskExecutor  : Shutting down ExecutorService 'applicationTaskExecutor'
2021-02-21 18:40:15.238  INFO 53422 --- [main] c.e.p.p.PlantfinderApiApplication        : Starting PlantfinderApiApplication v0.0.1-SNAPSHOT on MacBook-Pro with PID 53422 (/Users/mmartofe/projects/spring_boot_admin/plantfinder-api/target/plantfinder-api-0.0.1-SNAPSHOT.jar started by mmartofe in /Users/mmartofe/projects/spring_boot_admin/plantfinder-api)
2021-02-21 18:40:15.244  INFO 53422 --- [main] c.e.p.p.PlantfinderApiApplication        : No active profile set, falling back to default profiles: default
2021-02-21 18:40:16.538  INFO 53422 --- [main] o.s.b.w.embedded.tomcat.TomcatWebServer  : Tomcat initialized with port(s): 8081 (http)
2021-02-21 18:40:16.550  INFO 53422 --- [main] o.apache.catalina.core.StandardService   : Starting service [Tomcat]
2021-02-21 18:40:16.550  INFO 53422 --- [main] org.apache.catalina.core.StandardEngine  : Starting Servlet engine: [Apache Tomcat/9.0.37]
2021-02-21 18:40:16.624  INFO 53422 --- [main] o.a.c.c.C.[Tomcat].[localhost].[/]       : Initializing Spring embedded WebApplicationContext
2021-02-21 18:40:16.625  INFO 53422 --- [main] w.s.c.ServletWebServerApplicationContext : Root WebApplicationContext: initialization completed in 1259 ms
2021-02-21 18:40:16.853  WARN 53422 --- [main] pConfig$$EnhancerBySpringCGLIB$$d327934c : Plants list initialized.
2021-02-21 18:40:16.854  WARN 53422 --- [main] pConfig$$EnhancerBySpringCGLIB$$d327934c : Server port is set to: 8081
2021-02-21 18:40:16.854  WARN 53422 --- [main] pConfig$$EnhancerBySpringCGLIB$$d327934c : Server address is set to: 0.0.0.0
2021-02-21 18:40:16.854  WARN 53422 --- [main] pConfig$$EnhancerBySpringCGLIB$$d327934c : spring.boot.admin.client.instance.service-base-url is set to: http://127.0.0.1:8081
2021-02-21 18:40:16.854  WARN 53422 --- [main] pConfig$$EnhancerBySpringCGLIB$$d327934c : spring.boot.admin.client.url is set to: http://localhost:8092/
2021-02-21 18:40:17.023  INFO 53422 --- [main] o.s.s.concurrent.ThreadPoolTaskExecutor  : Initializing ExecutorService 'applicationTaskExecutor'
2021-02-21 18:40:17.108  INFO 53422 --- [main] o.s.b.a.w.s.WelcomePageHandlerMapping    : Adding welcome page: class path resource [static/index.html]
2021-02-21 18:40:17.287  INFO 53422 --- [main] o.s.s.c.ThreadPoolTaskScheduler          : Initializing ExecutorService
2021-02-21 18:40:17.316  INFO 53422 --- [main] o.s.b.a.e.web.EndpointLinksResolver      : Exposing 14 endpoint(s) beneath base path '/actuator'
2021-02-21 18:40:17.391  INFO 53422 --- [main] o.s.b.w.embedded.tomcat.TomcatWebServer  : Tomcat started on port(s): 8081 (http) with context path ''
2021-02-21 18:40:17.406  INFO 53422 --- [main] c.e.p.p.PlantfinderApiApplication        : Started PlantfinderApiApplication in 2.793 seconds (JVM running for 3.242)
2021-02-21 18:40:17.459  WARN 53422 --- [main] c.e.p.p.PlantfinderApiApplication        : Logging application setup:
2021-02-21 18:40:17.552  WARN 53422 --- [registrationTask1] d.c.b.a.c.r.ApplicationRegistrator       : Failed to register application as Application(name=Plantfinder API Service, managementUrl=http://127.0.0.1:8081/actuator, healthUrl=http://127.0.0.1:8081/actuator/health, serviceUrl=http://127.0.0.1:8081/) at spring-boot-admin ([http://localhost:8092//instances]): I/O error on POST request for "http://localhost:8092/instances": Connection refused (Connection refused); nested exception is java.net.ConnectException: Connection refused (Connection refused). Further attempts are logged on DEBUG level
2021-02-21 18:42:38.762  INFO 53422 --- [SpringContextShutdownHook] o.s.s.c.ThreadPoolTaskScheduler          : Shutting down ExecutorService
2021-02-21 18:42:38.764  INFO 53422 --- [SpringContextShutdownHook] o.s.s.concurrent.ThreadPoolTaskExecutor  : Shutting down ExecutorService 'applicationTaskExecutor'
2021-02-21 18:46:20.005  INFO 53575 --- [main] c.e.p.p.PlantfinderApiApplication        : Starting PlantfinderApiApplication v0.0.1-SNAPSHOT on MacBook-Pro with PID 53575 (/Users/mmartofe/projects/spring_boot_admin/plantfinder-api/target/plantfinder-api-0.0.1-SNAPSHOT.jar started by mmartofe in /Users/mmartofe/projects/spring_boot_admin/plantfinder-api)
2021-02-21 18:46:20.011  INFO 53575 --- [main] c.e.p.p.PlantfinderApiApplication        : No active profile set, falling back to default profiles: default
2021-02-21 18:46:21.222  INFO 53575 --- [main] o.s.b.w.embedded.tomcat.TomcatWebServer  : Tomcat initialized with port(s): 8081 (http)
2021-02-21 18:46:21.235  INFO 53575 --- [main] o.apache.catalina.core.StandardService   : Starting service [Tomcat]
2021-02-21 18:46:21.235  INFO 53575 --- [main] org.apache.catalina.core.StandardEngine  : Starting Servlet engine: [Apache Tomcat/9.0.37]
2021-02-21 18:46:21.306  INFO 53575 --- [main] o.a.c.c.C.[Tomcat].[localhost].[/]       : Initializing Spring embedded WebApplicationContext
2021-02-21 18:46:21.307  INFO 53575 --- [main] w.s.c.ServletWebServerApplicationContext : Root WebApplicationContext: initialization completed in 1186 ms
2021-02-21 18:46:21.550  WARN 53575 --- [main] pConfig$$EnhancerBySpringCGLIB$$8e9e47ea : Plants list initialized.
2021-02-21 18:46:21.551  WARN 53575 --- [main] pConfig$$EnhancerBySpringCGLIB$$8e9e47ea : Server port is set to: 8081
2021-02-21 18:46:21.551  WARN 53575 --- [main] pConfig$$EnhancerBySpringCGLIB$$8e9e47ea : Server address is set to: 0.0.0.0
2021-02-21 18:46:21.552  WARN 53575 --- [main] pConfig$$EnhancerBySpringCGLIB$$8e9e47ea : spring.boot.admin.client.instance.service-base-url is set to: http://127.0.0.1:8081
2021-02-21 18:46:21.552  WARN 53575 --- [main] pConfig$$EnhancerBySpringCGLIB$$8e9e47ea : spring.boot.admin.client.url is set to: http://localhost:8092/
2021-02-21 18:46:21.748  INFO 53575 --- [main] o.s.s.concurrent.ThreadPoolTaskExecutor  : Initializing ExecutorService 'applicationTaskExecutor'
2021-02-21 18:46:21.837  INFO 53575 --- [main] o.s.b.a.w.s.WelcomePageHandlerMapping    : Adding welcome page: class path resource [static/index.html]
2021-02-21 18:46:22.059  INFO 53575 --- [main] o.s.s.c.ThreadPoolTaskScheduler          : Initializing ExecutorService
2021-02-21 18:46:22.105  INFO 53575 --- [main] o.s.b.a.e.web.EndpointLinksResolver      : Exposing 14 endpoint(s) beneath base path '/actuator'
2021-02-21 18:46:22.193  INFO 53575 --- [main] o.s.b.w.embedded.tomcat.TomcatWebServer  : Tomcat started on port(s): 8081 (http) with context path ''
2021-02-21 18:46:22.217  INFO 53575 --- [main] c.e.p.p.PlantfinderApiApplication        : Started PlantfinderApiApplication in 2.955 seconds (JVM running for 3.46)
2021-02-21 18:46:22.291  WARN 53575 --- [main] c.e.p.p.PlantfinderApiApplication        : Applicartion started.
2021-02-21 18:46:22.398  WARN 53575 --- [registrationTask1] d.c.b.a.c.r.ApplicationRegistrator       : Failed to register application as Application(name=Plantfinder API Service, managementUrl=http://127.0.0.1:8081/actuator, healthUrl=http://127.0.0.1:8081/actuator/health, serviceUrl=http://127.0.0.1:8081/) at spring-boot-admin ([http://localhost:8092//instances]): I/O error on POST request for "http://localhost:8092/instances": Connection refused (Connection refused); nested exception is java.net.ConnectException: Connection refused (Connection refused). Further attempts are logged on DEBUG level
2021-02-21 18:46:41.819  INFO 53575 --- [SpringContextShutdownHook] o.s.s.c.ThreadPoolTaskScheduler          : Shutting down ExecutorService
2021-02-21 18:46:41.820  INFO 53575 --- [SpringContextShutdownHook] o.s.s.concurrent.ThreadPoolTaskExecutor  : Shutting down ExecutorService 'applicationTaskExecutor'
2021-02-21 18:47:06.343  INFO 53588 --- [main] c.e.p.p.PlantfinderApiApplication        : Starting PlantfinderApiApplication v0.0.1-SNAPSHOT on MacBook-Pro with PID 53588 (/Users/mmartofe/projects/spring_boot_admin/plantfinder-api/target/plantfinder-api-0.0.1-SNAPSHOT.jar started by mmartofe in /Users/mmartofe/projects/spring_boot_admin/plantfinder-api)
2021-02-21 18:47:06.346  INFO 53588 --- [main] c.e.p.p.PlantfinderApiApplication        : The following profiles are active: ocp
2021-02-21 18:47:07.790  INFO 53588 --- [main] o.s.b.w.embedded.tomcat.TomcatWebServer  : Tomcat initialized with port(s): 8081 (http)
2021-02-21 18:47:07.805  INFO 53588 --- [main] o.apache.catalina.core.StandardService   : Starting service [Tomcat]
2021-02-21 18:47:07.806  INFO 53588 --- [main] org.apache.catalina.core.StandardEngine  : Starting Servlet engine: [Apache Tomcat/9.0.37]
2021-02-21 18:47:07.881  INFO 53588 --- [main] o.a.c.c.C.[Tomcat].[localhost].[/]       : Initializing Spring embedded WebApplicationContext
2021-02-21 18:47:07.881  INFO 53588 --- [main] w.s.c.ServletWebServerApplicationContext : Root WebApplicationContext: initialization completed in 1442 ms
2021-02-21 18:47:08.146  WARN 53588 --- [main] pConfig$$EnhancerBySpringCGLIB$$d41e1c13 : Plants list initialized.
2021-02-21 18:47:08.146  WARN 53588 --- [main] pConfig$$EnhancerBySpringCGLIB$$d41e1c13 : Server port is set to: 8081
2021-02-21 18:47:08.147  WARN 53588 --- [main] pConfig$$EnhancerBySpringCGLIB$$d41e1c13 : Server address is set to: 0.0.0.0
2021-02-21 18:47:08.147  WARN 53588 --- [main] pConfig$$EnhancerBySpringCGLIB$$d41e1c13 : spring.boot.admin.client.instance.service-base-url is set to: http://plantfinder-api:8081
2021-02-21 18:47:08.147  WARN 53588 --- [main] pConfig$$EnhancerBySpringCGLIB$$d41e1c13 : spring.boot.admin.client.url is set to: http://plantfinder-admin-console:8092/
2021-02-21 18:47:08.355  INFO 53588 --- [main] o.s.s.concurrent.ThreadPoolTaskExecutor  : Initializing ExecutorService 'applicationTaskExecutor'
2021-02-21 18:47:08.463  INFO 53588 --- [main] o.s.b.a.w.s.WelcomePageHandlerMapping    : Adding welcome page: class path resource [static/index.html]
2021-02-21 18:47:08.713  INFO 53588 --- [main] o.s.s.c.ThreadPoolTaskScheduler          : Initializing ExecutorService
2021-02-21 18:47:08.757  INFO 53588 --- [main] o.s.b.a.e.web.EndpointLinksResolver      : Exposing 14 endpoint(s) beneath base path '/actuator'
2021-02-21 18:47:08.838  INFO 53588 --- [main] o.s.b.w.embedded.tomcat.TomcatWebServer  : Tomcat started on port(s): 8081 (http) with context path ''
2021-02-21 18:47:08.855  INFO 53588 --- [main] c.e.p.p.PlantfinderApiApplication        : Started PlantfinderApiApplication in 3.136 seconds (JVM running for 3.616)
2021-02-21 18:47:08.918  WARN 53588 --- [main] c.e.p.p.PlantfinderApiApplication        : Applicartion started.
2021-02-21 18:47:09.284  WARN 53588 --- [registrationTask1] d.c.b.a.c.r.ApplicationRegistrator       : Failed to register application as Application(name=Plantfinder API Service, managementUrl=http://plantfinder-api:8081/actuator, healthUrl=http://plantfinder-api:8081/actuator/health, serviceUrl=http://plantfinder-api:8081/) at spring-boot-admin ([http://plantfinder-admin-console:8092//instances]): I/O error on POST request for "http://plantfinder-admin-console:8092/instances": plantfinder-admin-console; nested exception is java.net.UnknownHostException: plantfinder-admin-console. Further attempts are logged on DEBUG level
2021-02-21 18:47:21.548  INFO 53588 --- [SpringContextShutdownHook] o.s.s.c.ThreadPoolTaskScheduler          : Shutting down ExecutorService
2021-02-21 18:47:21.549  INFO 53588 --- [SpringContextShutdownHook] o.s.s.concurrent.ThreadPoolTaskExecutor  : Shutting down ExecutorService 'applicationTaskExecutor'
2021-02-21 19:09:25.063  INFO 54667 --- [main] c.e.p.p.PlantfinderApiApplication        : Starting PlantfinderApiApplication v0.0.1-SNAPSHOT on MacBook-Pro with PID 54667 (/Users/mmartofe/projects/spring_boot_admin/plantfinder-api/target/plantfinder-api-0.0.1-SNAPSHOT.jar started by mmartofe in /Users/mmartofe/projects/spring_boot_admin/plantfinder-api)
2021-02-21 19:09:25.068  INFO 54667 --- [main] c.e.p.p.PlantfinderApiApplication        : The following profiles are active: ocp
2021-02-21 19:09:28.022  INFO 54667 --- [main] o.s.b.w.embedded.tomcat.TomcatWebServer  : Tomcat initialized with port(s): 8081 (http)
2021-02-21 19:09:28.099  INFO 54667 --- [main] o.apache.catalina.core.StandardService   : Starting service [Tomcat]
2021-02-21 19:09:28.100  INFO 54667 --- [main] org.apache.catalina.core.StandardEngine  : Starting Servlet engine: [Apache Tomcat/9.0.37]
2021-02-21 19:09:28.380  INFO 54667 --- [main] o.a.c.c.C.[Tomcat].[localhost].[/]       : Initializing Spring embedded WebApplicationContext
2021-02-21 19:09:28.381  INFO 54667 --- [main] w.s.c.ServletWebServerApplicationContext : Root WebApplicationContext: initialization completed in 3224 ms
2021-02-21 19:09:28.803  WARN 54667 --- [main] pConfig$$EnhancerBySpringCGLIB$$d41e1c13 : Plants list initialized.
2021-02-21 19:09:28.804  WARN 54667 --- [main] pConfig$$EnhancerBySpringCGLIB$$d41e1c13 : Server port is set to: 8081
2021-02-21 19:09:28.804  WARN 54667 --- [main] pConfig$$EnhancerBySpringCGLIB$$d41e1c13 : Server address is set to: 0.0.0.0
2021-02-21 19:09:28.804  WARN 54667 --- [main] pConfig$$EnhancerBySpringCGLIB$$d41e1c13 : spring.boot.admin.client.instance.service-base-url is set to: http://plantfinder-api:8081
2021-02-21 19:09:28.805  WARN 54667 --- [main] pConfig$$EnhancerBySpringCGLIB$$d41e1c13 : spring.boot.admin.client.url is set to: http://plantfinder-admin-console:8092/
2021-02-21 19:09:29.037  INFO 54667 --- [main] o.s.s.concurrent.ThreadPoolTaskExecutor  : Initializing ExecutorService 'applicationTaskExecutor'
2021-02-21 19:09:29.157  INFO 54667 --- [main] o.s.b.a.w.s.WelcomePageHandlerMapping    : Adding welcome page: class path resource [static/index.html]
2021-02-21 19:09:29.451  INFO 54667 --- [main] o.s.s.c.ThreadPoolTaskScheduler          : Initializing ExecutorService
2021-02-21 19:09:29.524  INFO 54667 --- [main] o.s.b.a.e.web.EndpointLinksResolver      : Exposing 14 endpoint(s) beneath base path '/actuator'
2021-02-21 19:09:29.658  INFO 54667 --- [main] o.s.b.w.embedded.tomcat.TomcatWebServer  : Tomcat started on port(s): 8081 (http) with context path ''
2021-02-21 19:09:29.715  INFO 54667 --- [main] c.e.p.p.PlantfinderApiApplication        : Started PlantfinderApiApplication in 5.263 seconds (JVM running for 5.804)
2021-02-21 19:09:29.793  WARN 54667 --- [main] c.e.p.p.PlantfinderApiApplication        : Applicartion started.
2021-02-21 19:09:29.907  WARN 54667 --- [registrationTask1] d.c.b.a.c.r.ApplicationRegistrator       : Failed to register application as Application(name=Plantfinder API Service, managementUrl=http://plantfinder-api:8081/actuator, healthUrl=http://plantfinder-api:8081/actuator/health, serviceUrl=http://plantfinder-api:8081/) at spring-boot-admin ([http://plantfinder-admin-console:8092//instances]): I/O error on POST request for "http://plantfinder-admin-console:8092/instances": plantfinder-admin-console; nested exception is java.net.UnknownHostException: plantfinder-admin-console. Further attempts are logged on DEBUG level
2021-02-21 19:09:37.215  INFO 54667 --- [SpringContextShutdownHook] o.s.s.c.ThreadPoolTaskScheduler          : Shutting down ExecutorService
2021-02-21 19:09:37.216  INFO 54667 --- [SpringContextShutdownHook] o.s.s.concurrent.ThreadPoolTaskExecutor  : Shutting down ExecutorService 'applicationTaskExecutor'
